[0m22:08:16.373832 [debug] [MainThread]: Sending event: {'category': 'dbt', 'action': 'invocation', 'label': 'start', 'context': [<snowplow_tracker.self_describing_json.SelfDescribingJson object at 0x0000019A93E832C0>, <snowplow_tracker.self_describing_json.SelfDescribingJson object at 0x0000019A91134E90>, <snowplow_tracker.self_describing_json.SelfDescribingJson object at 0x0000019A9443C170>]}


============================== 22:08:16.387961 | 1e9e209a-5190-48eb-bb56-ff9a91aed0e8 ==============================
[0m22:08:16.387961 [info ] [MainThread]: Running with dbt=1.11.0-b4
[0m22:08:16.388977 [debug] [MainThread]: running dbt with arguments {'write_json': 'True', 'cache_selected_only': 'False', 'log_format': 'default', 'use_colors': 'True', 'no_print': 'None', 'warn_error': 'None', 'log_path': 'logs', 'fail_fast': 'False', 'indirect_selection': 'eager', 'send_anonymous_usage_stats': 'True', 'partial_parse': 'True', 'warn_error_options': 'WarnErrorOptionsV2(error=[], warn=[], silence=[])', 'static_parser': 'True', 'use_experimental_parser': 'False', 'version_check': 'True', 'introspect': 'True', 'quiet': 'False', 'empty': 'None', 'log_cache_events': 'False', 'debug': 'False', 'profiles_dir': 'C:\\Users\\santo\\.dbt', 'invocation_command': 'dbt init', 'printer_width': '80', 'target_path': 'None'}
[0m22:08:24.088767 [info ] [MainThread]: A project called ShopMart already exists here.
[0m22:08:24.091767 [debug] [MainThread]: Command `dbt init` succeeded at 22:08:24.091767 after 7.93 seconds
[0m22:08:24.092769 [debug] [MainThread]: Sending event: {'category': 'dbt', 'action': 'invocation', 'label': 'end', 'context': [<snowplow_tracker.self_describing_json.SelfDescribingJson object at 0x0000019A91DB9640>, <snowplow_tracker.self_describing_json.SelfDescribingJson object at 0x0000019A9398F560>, <snowplow_tracker.self_describing_json.SelfDescribingJson object at 0x0000019A9398EF90>]}
[0m22:08:24.092769 [debug] [MainThread]: Flushing usage events
[0m22:08:26.196486 [debug] [MainThread]: An error was encountered while trying to flush usage events
[0m22:08:43.809730 [debug] [MainThread]: Sending event: {'category': 'dbt', 'action': 'invocation', 'label': 'start', 'context': [<snowplow_tracker.self_describing_json.SelfDescribingJson object at 0x000001A6688689E0>, <snowplow_tracker.self_describing_json.SelfDescribingJson object at 0x000001A66855EE40>, <snowplow_tracker.self_describing_json.SelfDescribingJson object at 0x000001A666197350>]}


============================== 22:08:43.822733 | b1c03931-dec2-4563-b56f-f0d608fe4d05 ==============================
[0m22:08:43.822733 [info ] [MainThread]: Running with dbt=1.11.0-b4
[0m22:08:43.823740 [debug] [MainThread]: running dbt with arguments {'target_path': 'None', 'log_format': 'default', 'use_colors': 'True', 'profiles_dir': 'C:\\Users\\santo\\.dbt', 'printer_width': '80', 'warn_error': 'None', 'log_path': 'logs', 'fail_fast': 'False', 'static_parser': 'True', 'send_anonymous_usage_stats': 'True', 'indirect_selection': 'eager', 'warn_error_options': 'WarnErrorOptionsV2(error=[], warn=[], silence=[])', 'partial_parse': 'True', 'use_experimental_parser': 'False', 'version_check': 'True', 'introspect': 'True', 'quiet': 'False', 'empty': 'None', 'log_cache_events': 'False', 'debug': 'False', 'no_print': 'None', 'invocation_command': 'dbt init', 'cache_selected_only': 'False', 'write_json': 'True'}
[0m22:09:43.695541 [debug] [MainThread]: Starter project path: D:\DBT PROJECT\shopsmart_dbt\ShopMart_dbt\shopmart_venv\Lib\site-packages\dbt\include\starter_project
[0m22:09:43.754726 [info ] [MainThread]: 
Your new dbt project "ShopMart" was created!

For more information on how to configure the profiles.yml file,
please consult the dbt documentation here:

  https://docs.getdbt.com/docs/configure-your-profile

One more thing:

Need help? Don't hesitate to reach out to us via GitHub issues or on Slack:

  https://community.getdbt.com/

Happy modeling!

[0m22:09:43.756725 [info ] [MainThread]: Setting up your profile.
[0m22:09:52.590554 [debug] [MainThread]: Snowflake adapter: Setting snowflake.connector to ERROR (file logging only)
[0m22:09:52.590554 [debug] [MainThread]: Snowflake adapter: Setting botocore to ERROR (file logging only)
[0m22:09:52.591645 [debug] [MainThread]: Snowflake adapter: Setting boto3 to ERROR (file logging only)
[0m22:13:10.445753 [info ] [MainThread]: Profile ShopMart written to C:\Users\santo\.dbt\profiles.yml using target's profile_template.yml and your supplied values. Run 'dbt debug' to validate the connection.
[0m22:13:10.448650 [debug] [MainThread]: Command `dbt init` succeeded at 22:13:10.447650 after 266.83 seconds
[0m22:13:10.448650 [debug] [MainThread]: Sending event: {'category': 'dbt', 'action': 'invocation', 'label': 'end', 'context': [<snowplow_tracker.self_describing_json.SelfDescribingJson object at 0x000001A669B60650>, <snowplow_tracker.self_describing_json.SelfDescribingJson object at 0x000001A66A1B7CB0>, <snowplow_tracker.self_describing_json.SelfDescribingJson object at 0x000001A66A9C7D10>]}
[0m22:13:10.449648 [debug] [MainThread]: Flushing usage events
[0m22:13:12.253238 [debug] [MainThread]: An error was encountered while trying to flush usage events
[0m22:13:42.999333 [debug] [MainThread]: Sending event: {'category': 'dbt', 'action': 'invocation', 'label': 'start', 'context': [<snowplow_tracker.self_describing_json.SelfDescribingJson object at 0x000001B6CAB98B60>, <snowplow_tracker.self_describing_json.SelfDescribingJson object at 0x000001B6C89E2210>, <snowplow_tracker.self_describing_json.SelfDescribingJson object at 0x000001B6C8FE5FA0>]}


============================== 22:13:43.011351 | 7a5b96d2-30e7-4d30-8701-a294b337c5f1 ==============================
[0m22:13:43.011351 [info ] [MainThread]: Running with dbt=1.11.0-b4
[0m22:13:43.011843 [debug] [MainThread]: running dbt with arguments {'invocation_command': 'dbt debug', 'cache_selected_only': 'False', 'target_path': 'None', 'no_print': 'None', 'log_format': 'default', 'warn_error': 'None', 'static_parser': 'True', 'fail_fast': 'False', 'partial_parse': 'True', 'send_anonymous_usage_stats': 'True', 'log_path': 'logs', 'warn_error_options': 'WarnErrorOptionsV2(error=[], warn=[], silence=[])', 'indirect_selection': 'eager', 'use_experimental_parser': 'False', 'version_check': 'True', 'introspect': 'True', 'quiet': 'False', 'empty': 'None', 'log_cache_events': 'False', 'debug': 'False', 'profiles_dir': 'C:\\Users\\santo\\.dbt', 'use_colors': 'True', 'printer_width': '80', 'write_json': 'True'}
[0m22:13:43.045363 [info ] [MainThread]: dbt version: 1.11.0-b4
[0m22:13:43.046451 [info ] [MainThread]: python version: 3.12.6
[0m22:13:43.047384 [info ] [MainThread]: python path: D:\DBT PROJECT\shopsmart_dbt\ShopMart_dbt\shopmart_venv\Scripts\python.exe
[0m22:13:43.047384 [info ] [MainThread]: os info: Windows-11-10.0.26200-SP0
[0m22:13:43.052369 [info ] [MainThread]: Error importing adapter: No module named 'dbt.adapters.databricks'
[0m22:13:43.459991 [debug] [MainThread]: Snowflake adapter: Setting snowflake.connector to ERROR (file logging only)
[0m22:13:43.459991 [debug] [MainThread]: Snowflake adapter: Setting botocore to ERROR (file logging only)
[0m22:13:43.460992 [debug] [MainThread]: Snowflake adapter: Setting boto3 to ERROR (file logging only)
[0m22:13:43.535789 [info ] [MainThread]: Using profiles dir at C:\Users\santo\.dbt
[0m22:13:43.536807 [info ] [MainThread]: Using profiles.yml file at C:\Users\santo\.dbt\profiles.yml
[0m22:13:43.536807 [info ] [MainThread]: Using dbt_project.yml file at D:\DBT PROJECT\shopsmart_dbt\ShopMart_dbt\dbt_project.yml
[0m22:13:43.537815 [info ] [MainThread]: Configuration:
[0m22:13:43.538816 [info ] [MainThread]:   profiles.yml file [[31mERROR invalid[0m]
[0m22:13:43.538816 [info ] [MainThread]:   dbt_project.yml file [[31mERROR not found[0m]
[0m22:13:43.539815 [info ] [MainThread]: Required dependencies:
[0m22:13:43.539815 [debug] [MainThread]: Executing "git --help"
[0m22:13:43.600173 [debug] [MainThread]: STDOUT: "b"usage: git [-v | --version] [-h | --help] [-C <path>] [-c <name>=<value>]\n           [--exec-path[=<path>]] [--html-path] [--man-path] [--info-path]\n           [-p | --paginate | -P | --no-pager] [--no-replace-objects] [--no-lazy-fetch]\n           [--no-optional-locks] [--no-advice] [--bare] [--git-dir=<path>]\n           [--work-tree=<path>] [--namespace=<name>] [--config-env=<name>=<envvar>]\n           <command> [<args>]\n\nThese are common Git commands used in various situations:\n\nstart a working area (see also: git help tutorial)\n   clone      Clone a repository into a new directory\n   init       Create an empty Git repository or reinitialize an existing one\n\nwork on the current change (see also: git help everyday)\n   add        Add file contents to the index\n   mv         Move or rename a file, a directory, or a symlink\n   restore    Restore working tree files\n   rm         Remove files from the working tree and from the index\n\nexamine the history and state (see also: git help revisions)\n   bisect     Use binary search to find the commit that introduced a bug\n   diff       Show changes between commits, commit and working tree, etc\n   grep       Print lines matching a pattern\n   log        Show commit logs\n   show       Show various types of objects\n   status     Show the working tree status\n\ngrow, mark and tweak your common history\n   backfill   Download missing objects in a partial clone\n   branch     List, create, or delete branches\n   commit     Record changes to the repository\n   merge      Join two or more development histories together\n   rebase     Reapply commits on top of another base tip\n   reset      Reset current HEAD to the specified state\n   switch     Switch branches\n   tag        Create, list, delete or verify a tag object signed with GPG\n\ncollaborate (see also: git help workflows)\n   fetch      Download objects and refs from another repository\n   pull       Fetch from and integrate with another repository or a local branch\n   push       Update remote refs along with associated objects\n\n'git help -a' and 'git help -g' list available subcommands and some\nconcept guides. See 'git help <command>' or 'git help <concept>'\nto read about a specific subcommand or concept.\nSee 'git help git' for an overview of the system.\n""
[0m22:13:43.601174 [debug] [MainThread]: STDERR: "b''"
[0m22:13:43.601174 [info ] [MainThread]:  - git [[32mOK found[0m]

[0m22:13:43.602175 [info ] [MainThread]: Connection test skipped since no profile was found
[0m22:13:43.603184 [info ] [MainThread]: [31m2 checks failed:[0m
[0m22:13:43.604186 [info ] [MainThread]: Could not load dbt_project.yml
Profile loading failed for the following reason:
Runtime Error
  Credentials in profile "Santosh_dbt_Tutorial", target "dev" invalid: Runtime Error
    Could not find adapter type databricks!


[0m22:13:43.605185 [info ] [MainThread]: Project loading failed for the following reason:
 project path <D:\DBT PROJECT\shopsmart_dbt\ShopMart_dbt\dbt_project.yml> not found

[0m22:13:43.607185 [debug] [MainThread]: Command `dbt debug` failed at 22:13:43.607185 after 0.76 seconds
[0m22:13:43.608200 [debug] [MainThread]: Sending event: {'category': 'dbt', 'action': 'invocation', 'label': 'end', 'context': [<snowplow_tracker.self_describing_json.SelfDescribingJson object at 0x000001B6CB9A4B60>, <snowplow_tracker.self_describing_json.SelfDescribingJson object at 0x000001B6CDD77500>, <snowplow_tracker.self_describing_json.SelfDescribingJson object at 0x000001B6CD6A5340>]}
[0m22:13:43.609197 [debug] [MainThread]: Flushing usage events
[0m22:13:45.334497 [debug] [MainThread]: An error was encountered while trying to flush usage events
[0m22:15:30.713264 [debug] [MainThread]: Sending event: {'category': 'dbt', 'action': 'invocation', 'label': 'start', 'context': [<snowplow_tracker.self_describing_json.SelfDescribingJson object at 0x00000218E45008F0>, <snowplow_tracker.self_describing_json.SelfDescribingJson object at 0x00000218E12CE1E0>, <snowplow_tracker.self_describing_json.SelfDescribingJson object at 0x00000218E444FFB0>]}


============================== 22:15:30.721681 | 01da43c8-4cc1-4304-acc5-fbb01ec95443 ==============================
[0m22:15:30.721681 [info ] [MainThread]: Running with dbt=1.11.0-b4
[0m22:15:30.722668 [debug] [MainThread]: running dbt with arguments {'profiles_dir': 'C:\\Users\\santo\\.dbt', 'target_path': 'None', 'log_format': 'default', 'invocation_command': 'dbt debug', 'cache_selected_only': 'False', 'warn_error': 'None', 'log_path': 'logs', 'partial_parse': 'True', 'indirect_selection': 'eager', 'send_anonymous_usage_stats': 'True', 'static_parser': 'True', 'warn_error_options': 'WarnErrorOptionsV2(error=[], warn=[], silence=[])', 'fail_fast': 'False', 'use_experimental_parser': 'False', 'version_check': 'True', 'introspect': 'True', 'quiet': 'False', 'empty': 'None', 'log_cache_events': 'False', 'debug': 'False', 'no_print': 'None', 'use_colors': 'True', 'printer_width': '80', 'write_json': 'True'}
[0m22:15:30.755510 [info ] [MainThread]: dbt version: 1.11.0-b4
[0m22:15:30.755510 [info ] [MainThread]: python version: 3.12.6
[0m22:15:30.756647 [info ] [MainThread]: python path: D:\DBT PROJECT\shopsmart_dbt\ShopMart_dbt\shopmart_venv\Scripts\python.exe
[0m22:15:30.756647 [info ] [MainThread]: os info: Windows-11-10.0.26200-SP0
[0m22:15:31.285463 [debug] [MainThread]: Snowflake adapter: Setting snowflake.connector to ERROR (file logging only)
[0m22:15:31.286388 [debug] [MainThread]: Snowflake adapter: Setting botocore to ERROR (file logging only)
[0m22:15:31.287388 [debug] [MainThread]: Snowflake adapter: Setting boto3 to ERROR (file logging only)
[0m22:15:31.371215 [info ] [MainThread]: Using profiles dir at C:\Users\santo\.dbt
[0m22:15:31.372134 [info ] [MainThread]: Using profiles.yml file at C:\Users\santo\.dbt\profiles.yml
[0m22:15:31.373634 [info ] [MainThread]: Using dbt_project.yml file at D:\DBT PROJECT\shopsmart_dbt\ShopMart_dbt\dbt_project.yml
[0m22:15:31.375908 [info ] [MainThread]: adapter type: snowflake
[0m22:15:31.376935 [info ] [MainThread]: adapter version: 1.10.3
[0m22:15:31.378920 [info ] [MainThread]: Configuration:
[0m22:15:31.379922 [info ] [MainThread]:   profiles.yml file [[32mOK found and valid[0m]
[0m22:15:31.381016 [info ] [MainThread]:   dbt_project.yml file [[31mERROR not found[0m]
[0m22:15:31.381016 [info ] [MainThread]: Required dependencies:
[0m22:15:31.383537 [debug] [MainThread]: Executing "git --help"
[0m22:15:31.454579 [debug] [MainThread]: STDOUT: "b"usage: git [-v | --version] [-h | --help] [-C <path>] [-c <name>=<value>]\n           [--exec-path[=<path>]] [--html-path] [--man-path] [--info-path]\n           [-p | --paginate | -P | --no-pager] [--no-replace-objects] [--no-lazy-fetch]\n           [--no-optional-locks] [--no-advice] [--bare] [--git-dir=<path>]\n           [--work-tree=<path>] [--namespace=<name>] [--config-env=<name>=<envvar>]\n           <command> [<args>]\n\nThese are common Git commands used in various situations:\n\nstart a working area (see also: git help tutorial)\n   clone      Clone a repository into a new directory\n   init       Create an empty Git repository or reinitialize an existing one\n\nwork on the current change (see also: git help everyday)\n   add        Add file contents to the index\n   mv         Move or rename a file, a directory, or a symlink\n   restore    Restore working tree files\n   rm         Remove files from the working tree and from the index\n\nexamine the history and state (see also: git help revisions)\n   bisect     Use binary search to find the commit that introduced a bug\n   diff       Show changes between commits, commit and working tree, etc\n   grep       Print lines matching a pattern\n   log        Show commit logs\n   show       Show various types of objects\n   status     Show the working tree status\n\ngrow, mark and tweak your common history\n   backfill   Download missing objects in a partial clone\n   branch     List, create, or delete branches\n   commit     Record changes to the repository\n   merge      Join two or more development histories together\n   rebase     Reapply commits on top of another base tip\n   reset      Reset current HEAD to the specified state\n   switch     Switch branches\n   tag        Create, list, delete or verify a tag object signed with GPG\n\ncollaborate (see also: git help workflows)\n   fetch      Download objects and refs from another repository\n   pull       Fetch from and integrate with another repository or a local branch\n   push       Update remote refs along with associated objects\n\n'git help -a' and 'git help -g' list available subcommands and some\nconcept guides. See 'git help <command>' or 'git help <concept>'\nto read about a specific subcommand or concept.\nSee 'git help git' for an overview of the system.\n""
[0m22:15:31.455630 [debug] [MainThread]: STDERR: "b''"
[0m22:15:31.455630 [info ] [MainThread]:  - git [[32mOK found[0m]

[0m22:15:31.456580 [info ] [MainThread]: Connection:
[0m22:15:31.457580 [info ] [MainThread]:   account: afwdjhf/fz93309
[0m22:15:31.457580 [info ] [MainThread]:   user: spani
[0m22:15:31.458578 [info ] [MainThread]:   database: SHOPMART
[0m22:15:31.458578 [info ] [MainThread]:   warehouse: COMPUTE_WH
[0m22:15:31.459578 [info ] [MainThread]:   role: ACCOUNTADMIN
[0m22:15:31.459875 [info ] [MainThread]:   schema: ENT
[0m22:15:31.460819 [info ] [MainThread]:   authenticator: None
[0m22:15:31.460819 [info ] [MainThread]:   oauth_client_id: None
[0m22:15:31.461854 [info ] [MainThread]:   query_tag: None
[0m22:15:31.461854 [info ] [MainThread]:   client_session_keep_alive: False
[0m22:15:31.462832 [info ] [MainThread]:   host: None
[0m22:15:31.462832 [info ] [MainThread]:   port: None
[0m22:15:31.462832 [info ] [MainThread]:   proxy_host: None
[0m22:15:31.463830 [info ] [MainThread]:   proxy_port: None
[0m22:15:31.463830 [info ] [MainThread]:   protocol: None
[0m22:15:31.464829 [info ] [MainThread]:   connect_retries: 1
[0m22:15:31.464829 [info ] [MainThread]:   connect_timeout: None
[0m22:15:31.465830 [info ] [MainThread]:   retry_on_database_errors: False
[0m22:15:31.465830 [info ] [MainThread]:   retry_all: False
[0m22:15:31.466834 [info ] [MainThread]:   insecure_mode: False
[0m22:15:31.467852 [info ] [MainThread]:   reuse_connections: True
[0m22:15:31.469845 [info ] [MainThread]:   s3_stage_vpce_dns_name: None
[0m22:15:31.470842 [info ] [MainThread]:   platform_detection_timeout_seconds: 0.0
[0m22:15:31.470842 [info ] [MainThread]: Registered adapter: snowflake=1.10.3
[0m22:15:31.807921 [debug] [MainThread]: Acquiring new snowflake connection 'debug'
[0m22:15:35.496897 [debug] [MainThread]: Using snowflake connection "debug"
[0m22:15:35.497898 [debug] [MainThread]: On debug: select 1 as id
[0m22:15:35.497898 [debug] [MainThread]: Opening a new connection, currently in state init
[0m22:15:46.097727 [debug] [MainThread]: Snowflake adapter: Error running SQL: select 1 as id
[0m22:15:46.097727 [debug] [MainThread]: Snowflake adapter: Rolling back transaction.
[0m22:15:46.098733 [info ] [MainThread]:   Connection test: [[31mERROR[0m]

[0m22:15:46.099634 [info ] [MainThread]: [31m2 checks failed:[0m
[0m22:15:46.100736 [info ] [MainThread]: Project loading failed for the following reason:
 project path <D:\DBT PROJECT\shopsmart_dbt\ShopMart_dbt\dbt_project.yml> not found

[0m22:15:46.101682 [info ] [MainThread]: dbt was unable to connect to the specified database.
The database returned the following error:

  >Database Error
  250001: Could not connect to Snowflake backend after 2 attempt(s).Aborting

Check your database credentials and try again. For more information, visit:
https://docs.getdbt.com/docs/configure-your-profile


[0m22:15:46.103634 [debug] [MainThread]: Command `dbt debug` failed at 22:15:46.103634 after 15.54 seconds
[0m22:15:46.104727 [debug] [MainThread]: Connection 'debug' was left open.
[0m22:15:46.105729 [debug] [MainThread]: On debug: No close available on handle
[0m22:15:46.105729 [debug] [MainThread]: Sending event: {'category': 'dbt', 'action': 'invocation', 'label': 'end', 'context': [<snowplow_tracker.self_describing_json.SelfDescribingJson object at 0x00000218E4CFF6B0>, <snowplow_tracker.self_describing_json.SelfDescribingJson object at 0x00000218E5F2B3B0>, <snowplow_tracker.self_describing_json.SelfDescribingJson object at 0x00000218E73FF290>]}
[0m22:15:46.106725 [debug] [MainThread]: Flushing usage events
[0m22:15:48.431114 [debug] [MainThread]: An error was encountered while trying to flush usage events
